14:51:32.108 [main] INFO  testCases.TC002_LoginTest -***** Starting TC_002 Login Test*****
14:51:35.063 [main] INFO  testCases.TC002_LoginTest -***** Finished TC_002 Login Test******** 
14:52:25.067 [main] INFO  org.testng.internal.Utils -[TestNG] Running:
  C:\Workplaces\Automation\opencaer\grouping.xml

14:53:50.396 [main] INFO  org.testng.internal.Utils -[TestNG] Running:
  C:\Workplaces\Automation\opencaer\grouping.xml

14:56:45.357 [main] INFO  org.testng.internal.Utils -[TestNG] Running:
  C:\Workplaces\Automation\opencaer\grouping.xml

14:57:06.168 [main] INFO  org.testng.internal.Utils -[TestNG] Running:
  C:\Workplaces\Automation\opencaer\grouping.xml

14:57:46.350 [main] INFO  testCases.tc001_accountRegistrationTest -<----Starting Test tc001_accountRegistrationTest----->
14:57:53.130 [main] INFO  testCases.tc001_accountRegistrationTest -<----Clicked on My Account Link----->
14:57:55.898 [main] INFO  testCases.tc001_accountRegistrationTest -<----Clicked on My Register Link----->
14:57:55.904 [main] INFO  testCases.tc001_accountRegistrationTest -<----Providing customer info----->
14:58:09.133 [main] INFO  testCases.tc001_accountRegistrationTest -<----Validating expected message----->
14:58:09.303 [main] INFO  testCases.tc001_accountRegistrationTest -<----Testing is Finished------>
14:58:26.224 [main] INFO  testCases.TC002_LoginTest -***** Starting TC_002 Login Test*****
15:08:07.369 [main] INFO  org.testng.internal.Utils -[TestNG] Running:
  C:\Workplaces\Automation\opencaer\test-output\testng-failed.xml

15:08:29.134 [main] INFO  testCases.TC002_LoginTest -***** Starting TC_002 Login Test*****
15:08:41.242 [main] INFO  testCases.TC002_LoginTest -***** Finished TC_002 Login Test******** 
09:23:31.857 [main] INFO  testCases.tc001_accountRegistrationTest -<----Starting Test tc001_accountRegistrationTest----->
09:23:31.960 [main] INFO  testCases.tc001_accountRegistrationTest -<----Clicked on My Account Link----->
09:23:32.699 [main] INFO  testCases.tc001_accountRegistrationTest -<----Clicked on My Register Link----->
09:23:32.702 [main] INFO  testCases.tc001_accountRegistrationTest -<----Providing customer info----->
09:23:33.907 [main] INFO  testCases.tc001_accountRegistrationTest -<----Validating expected message----->
09:23:33.945 [main] INFO  testCases.tc001_accountRegistrationTest -<----Testing is Finished------>
09:23:40.688 [main] INFO  testCases.TC002_LoginTest -***** Starting TC_002 Login Test*****
09:23:41.978 [main] INFO  testCases.TC002_LoginTest -***** Finished TC_002 Login Test******** 
09:47:51.557 [main] INFO  testCases.TC002_LoginTest -***** Starting TC_002 Login Test*****
09:47:52.878 [main] INFO  testCases.TC002_LoginTest -***** Finished TC_002 Login Test******** 
10:01:32.435 [main] INFO  testCases.tc001_accountRegistrationTest -<----Starting Test tc001_accountRegistrationTest----->
10:01:32.562 [main] INFO  testCases.tc001_accountRegistrationTest -<----Clicked on My Account Link----->
10:01:33.217 [main] INFO  testCases.tc001_accountRegistrationTest -<----Clicked on My Register Link----->
10:01:33.220 [main] INFO  testCases.tc001_accountRegistrationTest -<----Providing customer info----->
10:01:34.437 [main] INFO  testCases.tc001_accountRegistrationTest -<----Validating expected message----->
10:01:34.469 [main] INFO  testCases.tc001_accountRegistrationTest -<----Testing is Finished------>
10:01:41.693 [main] INFO  testCases.TC002_LoginTest -***** Starting TC_002 Login Test*****
10:01:42.887 [main] INFO  testCases.TC002_LoginTest -***** Finished TC_002 Login Test******** 
10:23:11.298 [main] INFO  testCases.tc001_accountRegistrationTest -<----Starting Test tc001_accountRegistrationTest----->
10:23:11.400 [main] INFO  testCases.tc001_accountRegistrationTest -<----Clicked on My Account Link----->
10:23:11.996 [main] INFO  testCases.tc001_accountRegistrationTest -<----Clicked on My Register Link----->
10:23:11.997 [main] INFO  testCases.tc001_accountRegistrationTest -<----Providing customer info----->
10:23:13.154 [main] INFO  testCases.tc001_accountRegistrationTest -<----Validating expected message----->
10:23:13.192 [main] INFO  testCases.tc001_accountRegistrationTest -<----Testing is Finished------>
10:23:20.237 [main] INFO  testCases.TC002_LoginTest -***** Starting TC_002 Login Test*****
10:23:21.451 [main] INFO  testCases.TC002_LoginTest -***** Finished TC_002 Login Test******** 
